<?xml version="1.0" encoding="UTF-8"?>
<testng-results skipped="0" failed="0" ignored="0" total="1" passed="1">
  <reporter-output>
  </reporter-output>
  <suite name="Default suite" duration-ms="30316" started-at="2019-04-25T10:10:48Z" finished-at="2019-04-25T10:11:18Z">
    <groups>
    </groups>
    <test name="Default test" duration-ms="30316" started-at="2019-04-25T10:10:48Z" finished-at="2019-04-25T10:11:18Z">
      <class name="TestSuite.LoginSuite1">
        <test-method status="PASS" signature="beforeSuite()[pri:0, instance:TestSuite.LoginSuite1@59fa1d9b]" name="beforeSuite" is-config="true" duration-ms="9892" started-at="2019-04-25T10:10:38Z" finished-at="2019-04-25T10:10:48Z">
          <reporter-output>
          </reporter-output>
        </test-method> <!-- beforeSuite -->
        <test-method status="PASS" signature="beforeTest()[pri:0, instance:TestSuite.LoginSuite1@59fa1d9b]" name="beforeTest" is-config="true" duration-ms="1" started-at="2019-04-25T10:10:48Z" finished-at="2019-04-25T10:10:48Z">
          <reporter-output>
          </reporter-output>
        </test-method> <!-- beforeTest -->
        <test-method status="PASS" signature="beforeClass()[pri:0, instance:TestSuite.LoginSuite1@59fa1d9b]" name="beforeClass" is-config="true" duration-ms="0" started-at="2019-04-25T10:10:48Z" finished-at="2019-04-25T10:10:48Z">
          <reporter-output>
          </reporter-output>
        </test-method> <!-- beforeClass -->
        <test-method status="PASS" signature="beforeMethod()[pri:0, instance:TestSuite.LoginSuite1@59fa1d9b]" name="beforeMethod" is-config="true" duration-ms="0" started-at="2019-04-25T10:10:48Z" finished-at="2019-04-25T10:10:48Z">
          <reporter-output>
          </reporter-output>
        </test-method> <!-- beforeMethod -->
        <test-method status="PASS" signature="f()[pri:0, instance:TestSuite.LoginSuite1@59fa1d9b]" name="f" duration-ms="30298" started-at="2019-04-25T10:10:48Z" finished-at="2019-04-25T10:11:18Z">
          <reporter-output>
          </reporter-output>
        </test-method> <!-- f -->
        <test-method status="PASS" signature="afterClass()[pri:0, instance:TestSuite.LoginSuite1@59fa1d9b]" name="afterClass" is-config="true" duration-ms="0" started-at="2019-04-25T10:11:18Z" finished-at="2019-04-25T10:11:18Z">
          <reporter-output>
          </reporter-output>
        </test-method> <!-- afterClass -->
        <test-method status="PASS" signature="afterMethod()[pri:0, instance:TestSuite.LoginSuite1@59fa1d9b]" name="afterMethod" is-config="true" duration-ms="0" started-at="2019-04-25T10:11:18Z" finished-at="2019-04-25T10:11:18Z">
          <reporter-output>
          </reporter-output>
        </test-method> <!-- afterMethod -->
        <test-method status="PASS" signature="afterTest()[pri:0, instance:TestSuite.LoginSuite1@59fa1d9b]" name="afterTest" is-config="true" duration-ms="0" started-at="2019-04-25T10:11:18Z" finished-at="2019-04-25T10:11:18Z">
          <reporter-output>
          </reporter-output>
        </test-method> <!-- afterTest -->
        <test-method status="PASS" signature="afterSuite()[pri:0, instance:TestSuite.LoginSuite1@59fa1d9b]" name="afterSuite" is-config="true" duration-ms="3301" started-at="2019-04-25T10:11:18Z" finished-at="2019-04-25T10:11:22Z">
          <reporter-output>
          </reporter-output>
        </test-method> <!-- afterSuite -->
      </class> <!-- TestSuite.LoginSuite1 -->
    </test> <!-- Default test -->
  </suite> <!-- Default suite -->
</testng-results>
